# JRE version: 7.0_25-b17
# Java VM: Java HotSpot(TM) 64-Bit Server VM (23.25-b01 mixed mode windows-amd64 compressed oops)
Heap
 PSYoungGen      total 52416K, used 32071K [0x00000000e0760000, 0x00000000e3e80000, 0x0000000100000000)
  eden space 48384K, 57% used [0x00000000e0760000,0x00000000e22c5548,0x00000000e36a0000)
  from space 4032K, 99% used [0x00000000e3a90000,0x00000000e3e7c858,0x00000000e3e80000)
  to   space 4032K, 0% used [0x00000000e36a0000,0x00000000e36a0000,0x00000000e3a90000)
 ParOldGen       total 64576K, used 958K [0x00000000a1600000, 0x00000000a5510000, 0x00000000e0760000)
  object space 64576K, 1% used [0x00000000a1600000,0x00000000a16ef848,0x00000000a5510000)
 PSPermGen       total 23360K, used 23206K [0x000000009c400000, 0x000000009dad0000, 0x00000000a1600000)
  object space 23360K, 99% used [0x000000009c400000,0x000000009daa9858,0x000000009dad0000)
GC Heap History (4 events):
Event: 0.631 GC heap before
{Heap before GC invocations=1 (full 0):
 PSYoungGen      total 28224K, used 24192K [0x00000000e0760000, 0x00000000e26e0000, 0x0000000100000000)
  eden space 24192K, 100% used [0x00000000e0760000,0x00000000e1f00000,0x00000000e1f00000)
  from space 4032K, 0% used [0x00000000e22f0000,0x00000000e22f0000,0x00000000e26e0000)
  to   space 4032K, 0% used [0x00000000e1f00000,0x00000000e1f00000,0x00000000e22f0000)
 ParOldGen       total 64576K, used 0K [0x00000000a1600000, 0x00000000a5510000, 0x00000000e0760000)
  object space 64576K, 0% used [0x00000000a1600000,0x00000000a1600000,0x00000000a5510000)
 PSPermGen       total 21248K, used 9337K [0x000000009c400000, 0x000000009d8c0000, 0x00000000a1600000)
  object space 21248K, 43% used [0x000000009c400000,0x000000009cd1e6e0,0x000000009d8c0000)
Event: 0.646 GC heap after
Heap after GC invocations=1 (full 0):
 PSYoungGen      total 28224K, used 2700K [0x00000000e0760000, 0x00000000e3e80000, 0x0000000100000000)
  eden space 24192K, 0% used [0x00000000e0760000,0x00000000e0760000,0x00000000e1f00000)
  from space 4032K, 66% used [0x00000000e1f00000,0x00000000e21a3398,0x00000000e22f0000)
  to   space 4032K, 0% used [0x00000000e3a90000,0x00000000e3a90000,0x00000000e3e80000)
 ParOldGen       total 64576K, used 8K [0x00000000a1600000, 0x00000000a5510000, 0x00000000e0760000)
  object space 64576K, 0% used [0x00000000a1600000,0x00000000a1602000,0x00000000a5510000)
 PSPermGen       total 21248K, used 9337K [0x000000009c400000, 0x000000009d8c0000, 0x00000000a1600000)
  object space 21248K, 43% used [0x000000009c400000,0x000000009cd1e6e0,0x000000009d8c0000)
}
Event: 1.424 GC heap before
{Heap before GC invocations=2 (full 0):
 PSYoungGen      total 28224K, used 24809K [0x00000000e0760000, 0x00000000e3e80000, 0x0000000100000000)
  eden space 24192K, 91% used [0x00000000e0760000,0x00000000e1cf7430,0x00000000e1f00000)
  from space 4032K, 66% used [0x00000000e1f00000,0x00000000e21a3398,0x00000000e22f0000)
  to   space 4032K, 0% used [0x00000000e3a90000,0x00000000e3a90000,0x00000000e3e80000)
 ParOldGen       total 64576K, used 8K [0x00000000a1600000, 0x00000000a5510000, 0x00000000e0760000)
  object space 64576K, 0% used [0x00000000a1600000,0x00000000a1602000,0x00000000a5510000)
 PSPermGen       total 21248K, used 20224K [0x000000009c400000, 0x000000009d8c0000, 0x00000000a1600000)
  object space 21248K, 95% used [0x000000009c400000,0x000000009d7c03b0,0x000000009d8c0000)
Event: 1.432 GC heap after
Heap after GC invocations=2 (full 0):
 PSYoungGen      total 52416K, used 4018K [0x00000000e0760000, 0x00000000e3e80000, 0x0000000100000000)
  eden space 48384K, 0% used [0x00000000e0760000,0x00000000e0760000,0x00000000e36a0000)
  from space 4032K, 99% used [0x00000000e3a90000,0x00000000e3e7c858,0x00000000e3e80000)
  to   space 4032K, 0% used [0x00000000e36a0000,0x00000000e36a0000,0x00000000e3a90000)
 ParOldGen       total 64576K, used 958K [0x00000000a1600000, 0x00000000a5510000, 0x00000000e0760000)
  object space 64576K, 1% used [0x00000000a1600000,0x00000000a16ef848,0x00000000a5510000)
 PSPermGen       total 21248K, used 20224K [0x000000009c400000, 0x000000009d8c0000, 0x00000000a1600000)
  object space 21248K, 95% used [0x000000009c400000,0x000000009d7c03b0,0x000000009d8c0000)
}

