# JRE version: 7.0_25-b17
# Java VM: Java HotSpot(TM) 64-Bit Server VM (23.25-b01 mixed mode windows-amd64 compressed oops)
Heap
 PSYoungGen      total 28224K, used 21614K [0x00000000e0760000, 0x00000000e26e0000, 0x0000000100000000)
  eden space 24192K, 72% used [0x00000000e0760000,0x00000000e1893930,0x00000000e1f00000)
  from space 4032K, 99% used [0x00000000e1f00000,0x00000000e22e8030,0x00000000e22f0000)
  to   space 4032K, 0% used [0x00000000e22f0000,0x00000000e22f0000,0x00000000e26e0000)
 ParOldGen       total 64576K, used 24725K [0x00000000a1600000, 0x00000000a5510000, 0x00000000e0760000)
  object space 64576K, 38% used [0x00000000a1600000,0x00000000a2e254f8,0x00000000a5510000)
 PSPermGen       total 22400K, used 22397K [0x000000009c400000, 0x000000009d9e0000, 0x00000000a1600000)
  object space 22400K, 99% used [0x000000009c400000,0x000000009d9df500,0x000000009d9e0000)
GC Heap History (6 events):
Event: 0.722 GC heap before
{Heap before GC invocations=1 (full 0):
 PSYoungGen      total 28224K, used 24192K [0x00000000e0760000, 0x00000000e26e0000, 0x0000000100000000)
  eden space 24192K, 100% used [0x00000000e0760000,0x00000000e1f00000,0x00000000e1f00000)
  from space 4032K, 0% used [0x00000000e22f0000,0x00000000e22f0000,0x00000000e26e0000)
  to   space 4032K, 0% used [0x00000000e1f00000,0x00000000e1f00000,0x00000000e22f0000)
 ParOldGen       total 64576K, used 0K [0x00000000a1600000, 0x00000000a5510000, 0x00000000e0760000)
  object space 64576K, 0% used [0x00000000a1600000,0x00000000a1600000,0x00000000a5510000)
 PSPermGen       total 21248K, used 9337K [0x000000009c400000, 0x000000009d8c0000, 0x00000000a1600000)
  object space 21248K, 43% used [0x000000009c400000,0x000000009cd1e6d8,0x000000009d8c0000)
Event: 0.726 GC heap after
Heap after GC invocations=1 (full 0):
 PSYoungGen      total 28224K, used 2728K [0x00000000e0760000, 0x00000000e26e0000, 0x0000000100000000)
  eden space 24192K, 0% used [0x00000000e0760000,0x00000000e0760000,0x00000000e1f00000)
  from space 4032K, 67% used [0x00000000e1f00000,0x00000000e21aa2e0,0x00000000e22f0000)
  to   space 4032K, 0% used [0x00000000e22f0000,0x00000000e22f0000,0x00000000e26e0000)
 ParOldGen       total 64576K, used 8K [0x00000000a1600000, 0x00000000a5510000, 0x00000000e0760000)
  object space 64576K, 0% used [0x00000000a1600000,0x00000000a1602000,0x00000000a5510000)
 PSPermGen       total 21248K, used 9337K [0x000000009c400000, 0x000000009d8c0000, 0x00000000a1600000)
  object space 21248K, 43% used [0x000000009c400000,0x000000009cd1e6d8,0x000000009d8c0000)
}
Event: 1.527 GC heap before
{Heap before GC invocations=2 (full 0):
 PSYoungGen      total 28224K, used 24839K [0x00000000e0760000, 0x00000000e26e0000, 0x0000000100000000)
  eden space 24192K, 91% used [0x00000000e0760000,0x00000000e1cf79c0,0x00000000e1f00000)
  from space 4032K, 67% used [0x00000000e1f00000,0x00000000e21aa2e0,0x00000000e22f0000)
  to   space 4032K, 0% used [0x00000000e22f0000,0x00000000e22f0000,0x00000000e26e0000)
 ParOldGen       total 64576K, used 8K [0x00000000a1600000, 0x00000000a5510000, 0x00000000e0760000)
  object space 64576K, 0% used [0x00000000a1600000,0x00000000a1602000,0x00000000a5510000)
 PSPermGen       total 21248K, used 20224K [0x000000009c400000, 0x000000009d8c0000, 0x00000000a1600000)
  object space 21248K, 95% used [0x000000009c400000,0x000000009d7c0368,0x000000009d8c0000)
Event: 1.535 GC heap after
Heap after GC invocations=2 (full 0):
 PSYoungGen      total 28224K, used 4004K [0x00000000e0760000, 0x00000000e26e0000, 0x0000000100000000)
  eden space 24192K, 0% used [0x00000000e0760000,0x00000000e0760000,0x00000000e1f00000)
  from space 4032K, 99% used [0x00000000e22f0000,0x00000000e26d9100,0x00000000e26e0000)
  to   space 4032K, 0% used [0x00000000e1f00000,0x00000000e1f00000,0x00000000e22f0000)
 ParOldGen       total 64576K, used 982K [0x00000000a1600000, 0x00000000a5510000, 0x00000000e0760000)
  object space 64576K, 1% used [0x00000000a1600000,0x00000000a16f5908,0x00000000a5510000)
 PSPermGen       total 21248K, used 20224K [0x000000009c400000, 0x000000009d8c0000, 0x00000000a1600000)
  object space 21248K, 95% used [0x000000009c400000,0x000000009d7c0368,0x000000009d8c0000)
}
Event: 7.506 GC heap before
{Heap before GC invocations=3 (full 0):
 PSYoungGen      total 28224K, used 28196K [0x00000000e0760000, 0x00000000e26e0000, 0x0000000100000000)
  eden space 24192K, 100% used [0x00000000e0760000,0x00000000e1f00000,0x00000000e1f00000)
  from space 4032K, 99% used [0x00000000e22f0000,0x00000000e26d9100,0x00000000e26e0000)
  to   space 4032K, 0% used [0x00000000e1f00000,0x00000000e1f00000,0x00000000e22f0000)
 ParOldGen       total 64576K, used 982K [0x00000000a1600000, 0x00000000a5510000, 0x00000000e0760000)
  object space 64576K, 1% used [0x00000000a1600000,0x00000000a16f5908,0x00000000a5510000)
 PSPermGen       total 22208K, used 22075K [0x000000009c400000, 0x000000009d9b0000, 0x00000000a1600000)
  object space 22208K, 99% used [0x000000009c400000,0x000000009d98eea8,0x000000009d9b0000)
Event: 7.523 GC heap after
Heap after GC invocations=3 (full 0):
 PSYoungGen      total 28224K, used 4000K [0x00000000e0760000, 0x00000000e26e0000, 0x0000000100000000)
  eden space 24192K, 0% used [0x00000000e0760000,0x00000000e0760000,0x00000000e1f00000)
  from space 4032K, 99% used [0x00000000e1f00000,0x00000000e22e8030,0x00000000e22f0000)
  to   space 4032K, 0% used [0x00000000e22f0000,0x00000000e22f0000,0x00000000e26e0000)
 ParOldGen       total 64576K, used 24725K [0x00000000a1600000, 0x00000000a5510000, 0x00000000e0760000)
  object space 64576K, 38% used [0x00000000a1600000,0x00000000a2e254f8,0x00000000a5510000)
 PSPermGen       total 22208K, used 22075K [0x000000009c400000, 0x000000009d9b0000, 0x00000000a1600000)
  object space 22208K, 99% used [0x000000009c400000,0x000000009d98eea8,0x000000009d9b0000)
}

